<?xml version="1.0" encoding="UTF-8"?>
<testsuite xmlns:xsi="http://www.w3.org/2001/XMLSchema-instance" xsi:noNamespaceSchemaLocation="https://maven.apache.org/surefire/maven-surefire-plugin/xsd/surefire-test-report.xsd" name="com.allanperes.moneytransfer.transfer.MoneyTransferVerticleTest" time="2.524" tests="1" errors="0" skipped="0" failures="0">
  <properties>
    <property name="sun.desktop" value="windows"/>
    <property name="awt.toolkit" value="sun.awt.windows.WToolkit"/>
    <property name="java.specification.version" value="11"/>
    <property name="sun.cpu.isalist" value="amd64"/>
    <property name="sun.jnu.encoding" value="Cp1252"/>
    <property name="java.class.path" value="C:\Users\allan\Documents\Developer\java\money-transfer\target\test-classes;C:\Users\allan\Documents\Developer\java\money-transfer\target\classes;C:\Users\allan\.m2\repository\javax\annotation\javax.annotation-api\1.3.2\javax.annotation-api-1.3.2.jar;C:\Users\allan\.m2\repository\io\vertx\vertx-web\3.8.1\vertx-web-3.8.1.jar;C:\Users\allan\.m2\repository\io\vertx\vertx-web-common\3.8.1\vertx-web-common-3.8.1.jar;C:\Users\allan\.m2\repository\io\vertx\vertx-auth-common\3.8.1\vertx-auth-common-3.8.1.jar;C:\Users\allan\.m2\repository\io\vertx\vertx-bridge-common\3.8.1\vertx-bridge-common-3.8.1.jar;C:\Users\allan\.m2\repository\io\vertx\vertx-core\3.8.1\vertx-core-3.8.1.jar;C:\Users\allan\.m2\repository\io\netty\netty-common\4.1.39.Final\netty-common-4.1.39.Final.jar;C:\Users\allan\.m2\repository\io\netty\netty-buffer\4.1.39.Final\netty-buffer-4.1.39.Final.jar;C:\Users\allan\.m2\repository\io\netty\netty-transport\4.1.39.Final\netty-transport-4.1.39.Final.jar;C:\Users\allan\.m2\repository\io\netty\netty-handler\4.1.39.Final\netty-handler-4.1.39.Final.jar;C:\Users\allan\.m2\repository\io\netty\netty-codec\4.1.39.Final\netty-codec-4.1.39.Final.jar;C:\Users\allan\.m2\repository\io\netty\netty-handler-proxy\4.1.39.Final\netty-handler-proxy-4.1.39.Final.jar;C:\Users\allan\.m2\repository\io\netty\netty-codec-socks\4.1.39.Final\netty-codec-socks-4.1.39.Final.jar;C:\Users\allan\.m2\repository\io\netty\netty-codec-http\4.1.39.Final\netty-codec-http-4.1.39.Final.jar;C:\Users\allan\.m2\repository\io\netty\netty-codec-http2\4.1.39.Final\netty-codec-http2-4.1.39.Final.jar;C:\Users\allan\.m2\repository\io\netty\netty-resolver\4.1.39.Final\netty-resolver-4.1.39.Final.jar;C:\Users\allan\.m2\repository\io\netty\netty-resolver-dns\4.1.39.Final\netty-resolver-dns-4.1.39.Final.jar;C:\Users\allan\.m2\repository\io\netty\netty-codec-dns\4.1.39.Final\netty-codec-dns-4.1.39.Final.jar;C:\Users\allan\.m2\repository\com\fasterxml\jackson\core\jackson-core\2.9.9\jackson-core-2.9.9.jar;C:\Users\allan\.m2\repository\com\fasterxml\jackson\core\jackson-databind\2.9.9.1\jackson-databind-2.9.9.1.jar;C:\Users\allan\.m2\repository\com\fasterxml\jackson\core\jackson-annotations\2.9.0\jackson-annotations-2.9.0.jar;C:\Users\allan\.m2\repository\io\vertx\vertx-web-client\3.8.1\vertx-web-client-3.8.1.jar;C:\Users\allan\.m2\repository\io\vertx\vertx-junit5\3.8.1\vertx-junit5-3.8.1.jar;C:\Users\allan\.m2\repository\io\vertx\vertx-rx-java\3.8.1\vertx-rx-java-3.8.1.jar;C:\Users\allan\.m2\repository\io\reactivex\rxjava\1.3.8\rxjava-1.3.8.jar;C:\Users\allan\.m2\repository\io\vertx\vertx-rx-gen\3.8.1\vertx-rx-gen-3.8.1.jar;C:\Users\allan\.m2\repository\io\vertx\vertx-codegen\3.8.1\vertx-codegen-3.8.1.jar;C:\Users\allan\.m2\repository\org\mvel\mvel2\2.3.1.Final\mvel2-2.3.1.Final.jar;C:\Users\allan\.m2\repository\io\vertx\vertx-rx-java2\3.8.1\vertx-rx-java2-3.8.1.jar;C:\Users\allan\.m2\repository\io\reactivex\rxjava2\rxjava\2.2.4\rxjava-2.2.4.jar;C:\Users\allan\.m2\repository\org\reactivestreams\reactive-streams\1.0.2\reactive-streams-1.0.2.jar;C:\Users\allan\.m2\repository\org\jooq\jooq\3.11.11\jooq-3.11.11.jar;C:\Users\allan\.m2\repository\javax\xml\bind\jaxb-api\2.2.12\jaxb-api-2.2.12.jar;C:\Users\allan\.m2\repository\com\h2database\h2\1.4.199\h2-1.4.199.jar;C:\Users\allan\.m2\repository\commons-dbcp\commons-dbcp\1.4\commons-dbcp-1.4.jar;C:\Users\allan\.m2\repository\commons-pool\commons-pool\1.5.4\commons-pool-1.5.4.jar;C:\Users\allan\.m2\repository\org\junit\jupiter\junit-jupiter-api\5.4.2\junit-jupiter-api-5.4.2.jar;C:\Users\allan\.m2\repository\org\apiguardian\apiguardian-api\1.0.0\apiguardian-api-1.0.0.jar;C:\Users\allan\.m2\repository\org\opentest4j\opentest4j\1.1.1\opentest4j-1.1.1.jar;C:\Users\allan\.m2\repository\org\junit\platform\junit-platform-commons\1.4.2\junit-platform-commons-1.4.2.jar;C:\Users\allan\.m2\repository\org\junit\jupiter\junit-jupiter-engine\5.4.2\junit-jupiter-engine-5.4.2.jar;C:\Users\allan\.m2\repository\org\junit\platform\junit-platform-engine\1.4.2\junit-platform-engine-1.4.2.jar;"/>
    <property name="java.vm.vendor" value="JetBrains s.r.o"/>
    <property name="sun.arch.data.model" value="64"/>
    <property name="user.variant" value=""/>
    <property name="java.vendor.url" value="https://www.jetbrains.com/"/>
    <property name="user.timezone" value="America/Sao_Paulo"/>
    <property name="java.vm.specification.version" value="11"/>
    <property name="os.name" value="Windows 10"/>
    <property name="sun.java.launcher" value="SUN_STANDARD"/>
    <property name="user.country" value="BR"/>
    <property name="sun.boot.library.path" value="C:\Program Files\JetBrains\IntelliJ IDEA Community Edition 2019.2\jbr\bin"/>
    <property name="sun.java.command" value="C:\Users\allan\AppData\Local\Temp\surefire13187287376769561272\surefirebooter12441598242234122982.jar C:\Users\allan\AppData\Local\Temp\surefire13187287376769561272 2019-08-28T17-46-50_930-jvmRun1 surefire18410079322858768829tmp surefire_012392379398615998107tmp"/>
    <property name="jdk.debug" value="release"/>
    <property name="surefire.test.class.path" value="C:\Users\allan\Documents\Developer\java\money-transfer\target\test-classes;C:\Users\allan\Documents\Developer\java\money-transfer\target\classes;C:\Users\allan\.m2\repository\javax\annotation\javax.annotation-api\1.3.2\javax.annotation-api-1.3.2.jar;C:\Users\allan\.m2\repository\io\vertx\vertx-web\3.8.1\vertx-web-3.8.1.jar;C:\Users\allan\.m2\repository\io\vertx\vertx-web-common\3.8.1\vertx-web-common-3.8.1.jar;C:\Users\allan\.m2\repository\io\vertx\vertx-auth-common\3.8.1\vertx-auth-common-3.8.1.jar;C:\Users\allan\.m2\repository\io\vertx\vertx-bridge-common\3.8.1\vertx-bridge-common-3.8.1.jar;C:\Users\allan\.m2\repository\io\vertx\vertx-core\3.8.1\vertx-core-3.8.1.jar;C:\Users\allan\.m2\repository\io\netty\netty-common\4.1.39.Final\netty-common-4.1.39.Final.jar;C:\Users\allan\.m2\repository\io\netty\netty-buffer\4.1.39.Final\netty-buffer-4.1.39.Final.jar;C:\Users\allan\.m2\repository\io\netty\netty-transport\4.1.39.Final\netty-transport-4.1.39.Final.jar;C:\Users\allan\.m2\repository\io\netty\netty-handler\4.1.39.Final\netty-handler-4.1.39.Final.jar;C:\Users\allan\.m2\repository\io\netty\netty-codec\4.1.39.Final\netty-codec-4.1.39.Final.jar;C:\Users\allan\.m2\repository\io\netty\netty-handler-proxy\4.1.39.Final\netty-handler-proxy-4.1.39.Final.jar;C:\Users\allan\.m2\repository\io\netty\netty-codec-socks\4.1.39.Final\netty-codec-socks-4.1.39.Final.jar;C:\Users\allan\.m2\repository\io\netty\netty-codec-http\4.1.39.Final\netty-codec-http-4.1.39.Final.jar;C:\Users\allan\.m2\repository\io\netty\netty-codec-http2\4.1.39.Final\netty-codec-http2-4.1.39.Final.jar;C:\Users\allan\.m2\repository\io\netty\netty-resolver\4.1.39.Final\netty-resolver-4.1.39.Final.jar;C:\Users\allan\.m2\repository\io\netty\netty-resolver-dns\4.1.39.Final\netty-resolver-dns-4.1.39.Final.jar;C:\Users\allan\.m2\repository\io\netty\netty-codec-dns\4.1.39.Final\netty-codec-dns-4.1.39.Final.jar;C:\Users\allan\.m2\repository\com\fasterxml\jackson\core\jackson-core\2.9.9\jackson-core-2.9.9.jar;C:\Users\allan\.m2\repository\com\fasterxml\jackson\core\jackson-databind\2.9.9.1\jackson-databind-2.9.9.1.jar;C:\Users\allan\.m2\repository\com\fasterxml\jackson\core\jackson-annotations\2.9.0\jackson-annotations-2.9.0.jar;C:\Users\allan\.m2\repository\io\vertx\vertx-web-client\3.8.1\vertx-web-client-3.8.1.jar;C:\Users\allan\.m2\repository\io\vertx\vertx-junit5\3.8.1\vertx-junit5-3.8.1.jar;C:\Users\allan\.m2\repository\io\vertx\vertx-rx-java\3.8.1\vertx-rx-java-3.8.1.jar;C:\Users\allan\.m2\repository\io\reactivex\rxjava\1.3.8\rxjava-1.3.8.jar;C:\Users\allan\.m2\repository\io\vertx\vertx-rx-gen\3.8.1\vertx-rx-gen-3.8.1.jar;C:\Users\allan\.m2\repository\io\vertx\vertx-codegen\3.8.1\vertx-codegen-3.8.1.jar;C:\Users\allan\.m2\repository\org\mvel\mvel2\2.3.1.Final\mvel2-2.3.1.Final.jar;C:\Users\allan\.m2\repository\io\vertx\vertx-rx-java2\3.8.1\vertx-rx-java2-3.8.1.jar;C:\Users\allan\.m2\repository\io\reactivex\rxjava2\rxjava\2.2.4\rxjava-2.2.4.jar;C:\Users\allan\.m2\repository\org\reactivestreams\reactive-streams\1.0.2\reactive-streams-1.0.2.jar;C:\Users\allan\.m2\repository\org\jooq\jooq\3.11.11\jooq-3.11.11.jar;C:\Users\allan\.m2\repository\javax\xml\bind\jaxb-api\2.2.12\jaxb-api-2.2.12.jar;C:\Users\allan\.m2\repository\com\h2database\h2\1.4.199\h2-1.4.199.jar;C:\Users\allan\.m2\repository\commons-dbcp\commons-dbcp\1.4\commons-dbcp-1.4.jar;C:\Users\allan\.m2\repository\commons-pool\commons-pool\1.5.4\commons-pool-1.5.4.jar;C:\Users\allan\.m2\repository\org\junit\jupiter\junit-jupiter-api\5.4.2\junit-jupiter-api-5.4.2.jar;C:\Users\allan\.m2\repository\org\apiguardian\apiguardian-api\1.0.0\apiguardian-api-1.0.0.jar;C:\Users\allan\.m2\repository\org\opentest4j\opentest4j\1.1.1\opentest4j-1.1.1.jar;C:\Users\allan\.m2\repository\org\junit\platform\junit-platform-commons\1.4.2\junit-platform-commons-1.4.2.jar;C:\Users\allan\.m2\repository\org\junit\jupiter\junit-jupiter-engine\5.4.2\junit-jupiter-engine-5.4.2.jar;C:\Users\allan\.m2\repository\org\junit\platform\junit-platform-engine\1.4.2\junit-platform-engine-1.4.2.jar;"/>
    <property name="sun.cpu.endian" value="little"/>
    <property name="user.home" value="C:\Users\allan"/>
    <property name="user.language" value="pt"/>
    <property name="java.specification.vendor" value="Oracle Corporation"/>
    <property name="java.version.date" value="2019-04-16"/>
    <property name="java.home" value="C:\Program Files\JetBrains\IntelliJ IDEA Community Edition 2019.2\jbr"/>
    <property name="file.separator" value="\"/>
    <property name="basedir" value="C:\Users\allan\Documents\Developer\java\money-transfer"/>
    <property name="java.vm.compressedOopsMode" value="Zero based"/>
    <property name="line.separator" value="&#10;"/>
    <property name="java.specification.name" value="Java Platform API Specification"/>
    <property name="java.vm.specification.vendor" value="Oracle Corporation"/>
    <property name="java.awt.graphicsenv" value="sun.awt.Win32GraphicsEnvironment"/>
    <property name="surefire.real.class.path" value="C:\Users\allan\AppData\Local\Temp\surefire13187287376769561272\surefirebooter12441598242234122982.jar"/>
    <property name="user.script" value=""/>
    <property name="sun.management.compiler" value="HotSpot 64-Bit Tiered Compilers"/>
    <property name="java.runtime.version" value="11.0.3+12-b304.10"/>
    <property name="user.name" value="allan"/>
    <property name="path.separator" value=";"/>
    <property name="os.version" value="10.0"/>
    <property name="java.runtime.name" value="OpenJDK Runtime Environment"/>
    <property name="file.encoding" value="Cp1252"/>
    <property name="java.vm.name" value="OpenJDK 64-Bit Server VM"/>
    <property name="localRepository" value="C:\Users\allan\.m2\repository"/>
    <property name="java.vendor.url.bug" value="https://youtrack.jetbrains.com"/>
    <property name="java.io.tmpdir" value="C:\Users\allan\AppData\Local\Temp\"/>
    <property name="java.version" value="11.0.3"/>
    <property name="user.dir" value="C:\Users\allan\Documents\Developer\java\money-transfer"/>
    <property name="os.arch" value="amd64"/>
    <property name="java.vm.specification.name" value="Java Virtual Machine Specification"/>
    <property name="java.awt.printerjob" value="sun.awt.windows.WPrinterJob"/>
    <property name="sun.os.patch.level" value=""/>
    <property name="idea.version2019.2" value="true"/>
    <property name="java.library.path" value="C:\Program Files\JetBrains\IntelliJ IDEA Community Edition 2019.2\jbr\bin;C:\Windows\Sun\Java\bin;C:\Windows\system32;C:\Windows;C:\Program Files\JetBrains\IntelliJ IDEA Community Edition 2019.2\jbr\\bin;C:\Program Files\JetBrains\IntelliJ IDEA Community Edition 2019.2\jbr\\bin\server;C:\Program Files\JetBrains\IntelliJ IDEA Community Edition 2019.2\jbr\\bin;C:\Program Files\JetBrains\IntelliJ IDEA Community Edition 2019.2\jbr\\bin\server;C:\Program Files (x86)\Intel\Intel(R) Management Engine Components\iCLS\;C:\Program Files\Intel\Intel(R) Management Engine Components\iCLS\;C:\Windows\system32;C:\Windows;C:\Windows\System32\Wbem;C:\Windows\System32\WindowsPowerShell\v1.0\;C:\Windows\System32\OpenSSH\;C:\Program Files (x86)\Intel\Intel(R) Management Engine Components\DAL;C:\Program Files\Intel\Intel(R) Management Engine Components\DAL;C:\Program Files (x86)\Intel\Intel(R) Management Engine Components\IPT;C:\Program Files\Intel\Intel(R) Management Engine Components\IPT;C:\Program Files (x86)\NVIDIA Corporation\PhysX\Common;C:\Program Files\dotnet\;C:\Program Files\Microsoft SQL Server\130\Tools\Binn\;C:\Program Files\Microsoft SQL Server\Client SDK\ODBC\170\Tools\Binn\;C:\Program Files\nodejs\;C:\Program Files\Git\cmd;C:\Users\allan\.cargo\bin;C:\Users\allan\AppData\Local\Microsoft\WindowsApps;C:\Users\allan\AppData\Roaming\npm;C:\Users\allan\AppData\Local\Programs\Microsoft VS Code\bin;."/>
    <property name="java.vendor" value="JetBrains s.r.o"/>
    <property name="java.vm.info" value="mixed mode, sharing"/>
    <property name="java.vm.version" value="11.0.3+12-b304.10"/>
    <property name="sun.io.unicode.encoding" value="UnicodeLittle"/>
    <property name="java.class.version" value="55.0"/>
  </properties>
  <testcase name="transferingMoney{Vertx, VertxTestContext}" classname="com.allanperes.moneytransfer.transfer.MoneyTransferVerticleTest" time="2.15"/>
</testsuite>